<?xml version="1.0" encoding="UTF-8"?>
<!-- Generated by org.testng.reporters.JUnitXMLReporter -->
<testsuite ignored="0" hostname="LAPTOP-4PCOUT3C" failures="0" tests="4" name="Default test" time="5.245" errors="0" timestamp="2024-04-14T14:37:05 CEST">
  <testcase classname="day1.HTTPRequest" name="getUsers" time="3.822"/>
  <testcase classname="day1.HTTPRequest" name="createUser" time="0.841"/>
  <testcase classname="day1.HTTPRequest" name="updateUser" time="0.277"/>
  <testcase classname="day1.HTTPRequest" name="deleteUser" time="0.232"/>
</testsuite> <!-- Default test -->
