<?xml version="1.0" encoding="UTF-8"?>
<testng-results ignored="0" total="4" passed="4" failed="0" skipped="0">
  <reporter-output>
  </reporter-output>
  <suite started-at="2024-04-14T14:36:59 CEST" name="Default suite" finished-at="2024-04-14T14:37:05 CEST" duration-ms="5245">
    <groups>
    </groups>
    <test started-at="2024-04-14T14:36:59 CEST" name="Default test" finished-at="2024-04-14T14:37:05 CEST" duration-ms="5245">
      <class name="day1.HTTPRequest">
        <test-method signature="getUsers()[pri:1, instance:day1.HTTPRequest@47d90b9e]" started-at="2024-04-14T14:36:59 CEST" name="getUsers" finished-at="2024-04-14T14:37:03 CEST" duration-ms="3822" status="PASS">
          <reporter-output>
          </reporter-output>
        </test-method> <!-- getUsers -->
        <test-method signature="createUser()[pri:2, instance:day1.HTTPRequest@47d90b9e]" started-at="2024-04-14T14:37:03 CEST" name="createUser" finished-at="2024-04-14T14:37:04 CEST" duration-ms="841" status="PASS">
          <reporter-output>
          </reporter-output>
        </test-method> <!-- createUser -->
        <test-method signature="updateUser()[pri:3, instance:day1.HTTPRequest@47d90b9e]" started-at="2024-04-14T14:37:04 CEST" name="updateUser" finished-at="2024-04-14T14:37:04 CEST" depends-on-methods="day1.HTTPRequest.createUser" duration-ms="277" status="PASS">
          <reporter-output>
          </reporter-output>
        </test-method> <!-- updateUser -->
        <test-method signature="deleteUser()[pri:4, instance:day1.HTTPRequest@47d90b9e]" started-at="2024-04-14T14:37:04 CEST" name="deleteUser" finished-at="2024-04-14T14:37:05 CEST" duration-ms="232" status="PASS">
          <reporter-output>
          </reporter-output>
        </test-method> <!-- deleteUser -->
      </class> <!-- day1.HTTPRequest -->
    </test> <!-- Default test -->
  </suite> <!-- Default suite -->
</testng-results>
